<?xml version="1.0" encoding="UTF-8"?>
<!-- Generated by org.testng.reporters.JUnitXMLReporter -->
<testsuite ignored="1" hostname="INBook_X1" failures="1" tests="41" name="Test" time="118.227" errors="0" timestamp="2025-02-19T16:31:18 IST">
  <testcase classname="tests.AIRoleMap" name="@BeforeMethod setup" time="13.583">
    <failure type="org.openqa.selenium.NoSuchElementException" message="no such element: Unable to locate element: {&amp;quot;method&amp;quot;:&amp;quot;xpath&amp;quot;,&amp;quot;selector&amp;quot;:&amp;quot;//a[normalize-space()=&amp;apos;AI Role Map&amp;apos;]&amp;quot;}
  (Session info: chrome=132.0.6834.197)
For documentation on this error, please visit: https://www.selenium.dev/documentation/webdriver/troubleshooting/errors#no-such-element-exception
Build info: version: &amp;apos;4.27.0&amp;apos;, revision: &amp;apos;d6e718d134&amp;apos;
System info: os.name: &amp;apos;Windows 11&amp;apos;, os.arch: &amp;apos;amd64&amp;apos;, os.version: &amp;apos;10.0&amp;apos;, java.version: &amp;apos;21.0.2&amp;apos;
Driver info: org.openqa.selenium.chrome.ChromeDriver
Command: [dbcbdca9446bfdd67f83229b44a915de, findElement {value=//a[normalize-space()=&amp;apos;AI Role Map&amp;apos;], using=xpath}]
Capabilities {acceptInsecureCerts: false, browserName: chrome, browserVersion: 132.0.6834.197, chrome: {chromedriverVersion: 132.0.6834.159 (2d77d3fc445..., userDataDir: C:\Users\SHADAN~1\AppData\L...}, fedcm:accounts: true, goog:chromeOptions: {debuggerAddress: localhost:54045}, networkConnectionEnabled: false, pageLoadStrategy: normal, platformName: windows, proxy: Proxy(), se:cdp: ws://localhost:54045/devtoo..., se:cdpVersion: 132.0.6834.197, setWindowRect: true, strictFileInteractability: false, timeouts: {implicit: 0, pageLoad: 300000, script: 30000}, unhandledPromptBehavior: dismiss and notify, webauthn:extension:credBlob: true, webauthn:extension:largeBlob: true, webauthn:extension:minPinLength: true, webauthn:extension:prf: true, webauthn:virtualAuthenticators: true}
Session ID: dbcbdca9446bfdd67f83229b44a915de">
      <![CDATA[org.openqa.selenium.NoSuchElementException: no such element: Unable to locate element: {"method":"xpath","selector":"//a[normalize-space()='AI Role Map']"}
  (Session info: chrome=132.0.6834.197)
For documentation on this error, please visit: https://www.selenium.dev/documentation/webdriver/troubleshooting/errors#no-such-element-exception
Build info: version: '4.27.0', revision: 'd6e718d134'
System info: os.name: 'Windows 11', os.arch: 'amd64', os.version: '10.0', java.version: '21.0.2'
Driver info: org.openqa.selenium.chrome.ChromeDriver
Command: [dbcbdca9446bfdd67f83229b44a915de, findElement {value=//a[normalize-space()='AI Role Map'], using=xpath}]
Capabilities {acceptInsecureCerts: false, browserName: chrome, browserVersion: 132.0.6834.197, chrome: {chromedriverVersion: 132.0.6834.159 (2d77d3fc445..., userDataDir: C:\Users\SHADAN~1\AppData\L...}, fedcm:accounts: true, goog:chromeOptions: {debuggerAddress: localhost:54045}, networkConnectionEnabled: false, pageLoadStrategy: normal, platformName: windows, proxy: Proxy(), se:cdp: ws://localhost:54045/devtoo..., se:cdpVersion: 132.0.6834.197, setWindowRect: true, strictFileInteractability: false, timeouts: {implicit: 0, pageLoad: 300000, script: 30000}, unhandledPromptBehavior: dismiss and notify, webauthn:extension:credBlob: true, webauthn:extension:largeBlob: true, webauthn:extension:minPinLength: true, webauthn:extension:prf: true, webauthn:virtualAuthenticators: true}
Session ID: dbcbdca9446bfdd67f83229b44a915de
at org.openqa.selenium.remote.ErrorCodec.decode(ErrorCodec.java:167)
at org.openqa.selenium.remote.codec.w3c.W3CHttpResponseCodec.decode(W3CHttpResponseCodec.java:138)
at org.openqa.selenium.remote.codec.w3c.W3CHttpResponseCodec.decode(W3CHttpResponseCodec.java:50)
at org.openqa.selenium.remote.HttpCommandExecutor.execute(HttpCommandExecutor.java:190)
at org.openqa.selenium.remote.service.DriverCommandExecutor.invokeExecute(DriverCommandExecutor.java:216)
at org.openqa.selenium.remote.service.DriverCommandExecutor.execute(DriverCommandExecutor.java:174)
at org.openqa.selenium.remote.RemoteWebDriver.execute(RemoteWebDriver.java:545)
at org.openqa.selenium.remote.ElementLocation$ElementFinder$2.findElement(ElementLocation.java:165)
at org.openqa.selenium.remote.ElementLocation.findElement(ElementLocation.java:59)
at org.openqa.selenium.remote.RemoteWebDriver.findElement(RemoteWebDriver.java:368)
at org.openqa.selenium.remote.RemoteWebDriver.findElement(RemoteWebDriver.java:362)
at org.openqa.selenium.support.pagefactory.DefaultElementLocator.findElement(DefaultElementLocator.java:68)
at org.openqa.selenium.support.pagefactory.internal.LocatingElementHandler.invoke(LocatingElementHandler.java:38)
at jdk.proxy2/jdk.proxy2.$Proxy12.click(Unknown Source)
at pages.DojoSideMenuPage.clickOnAIRoleMapSideMenuOption(DojoSideMenuPage.java:24)
at tests.AIRoleMap.setup(AIRoleMap.java:64)
at java.base/java.util.ArrayList.forEach(ArrayList.java:1596)
... Removed 32 stack frames]]>
    </failure>
  </testcase> <!-- @BeforeMethod setup -->
  <testcase classname="tests.AIRoleMap" name="@AfterMethod teardown" time="0.0">
    <skipped/>
  </testcase> <!-- @AfterMethod teardown -->
  <testcase classname="tests.AIRoleMap" name="@BeforeMethod setup" time="0.0">
    <skipped/>
  </testcase> <!-- @BeforeMethod setup -->
  <testcase classname="tests.AIRoleMap" name="@AfterMethod teardown" time="0.0">
    <skipped/>
  </testcase> <!-- @AfterMethod teardown -->
  <testcase classname="tests.AIRoleMap" name="@BeforeMethod setup" time="0.0">
    <skipped/>
  </testcase> <!-- @BeforeMethod setup -->
  <testcase classname="tests.AIRoleMap" name="@AfterMethod teardown" time="0.0">
    <skipped/>
  </testcase> <!-- @AfterMethod teardown -->
  <testcase classname="tests.AIRoleMap" name="@BeforeMethod setup" time="0.0">
    <skipped/>
  </testcase> <!-- @BeforeMethod setup -->
  <testcase classname="tests.AIRoleMap" name="@AfterMethod teardown" time="0.0">
    <skipped/>
  </testcase> <!-- @AfterMethod teardown -->
  <testcase classname="tests.AIRoleMap" name="@BeforeMethod setup" time="0.0">
    <skipped/>
  </testcase> <!-- @BeforeMethod setup -->
  <testcase classname="tests.AIRoleMap" name="@AfterMethod teardown" time="0.0">
    <skipped/>
  </testcase> <!-- @AfterMethod teardown -->
  <testcase classname="tests.AIRoleMap" name="@BeforeMethod setup" time="0.0">
    <skipped/>
  </testcase> <!-- @BeforeMethod setup -->
  <testcase classname="tests.AIRoleMap" name="@AfterMethod teardown" time="0.0">
    <skipped/>
  </testcase> <!-- @AfterMethod teardown -->
  <testcase classname="tests.AIRoleMap" name="@BeforeMethod setup" time="0.0">
    <skipped/>
  </testcase> <!-- @BeforeMethod setup -->
  <testcase classname="tests.AIRoleMap" name="@AfterMethod teardown" time="0.0">
    <skipped/>
  </testcase> <!-- @AfterMethod teardown -->
  <testcase classname="tests.AIRoleMap" name="@BeforeMethod setup" time="0.0">
    <skipped/>
  </testcase> <!-- @BeforeMethod setup -->
  <testcase classname="tests.AIRoleMap" name="@AfterMethod teardown" time="0.0">
    <skipped/>
  </testcase> <!-- @AfterMethod teardown -->
  <testcase classname="tests.AIRoleMap" name="@BeforeMethod setup" time="0.0">
    <skipped/>
  </testcase> <!-- @BeforeMethod setup -->
  <testcase classname="tests.AIRoleMap" name="@AfterMethod teardown" time="0.0">
    <skipped/>
  </testcase> <!-- @AfterMethod teardown -->
  <testcase classname="tests.AIRoleMap" name="@BeforeMethod setup" time="0.0">
    <skipped/>
  </testcase> <!-- @BeforeMethod setup -->
  <testcase classname="tests.AIRoleMap" name="@AfterMethod teardown" time="0.0">
    <skipped/>
  </testcase> <!-- @AfterMethod teardown -->
  <testcase classname="tests.AIRoleMap" name="@BeforeMethod setup" time="0.0">
    <skipped/>
  </testcase> <!-- @BeforeMethod setup -->
  <testcase classname="tests.AIRoleMap" name="@AfterMethod teardown" time="0.0">
    <skipped/>
  </testcase> <!-- @AfterMethod teardown -->
  <testcase classname="tests.AIRoleMap" name="@BeforeMethod setup" time="0.0">
    <skipped/>
  </testcase> <!-- @BeforeMethod setup -->
  <testcase classname="tests.AIRoleMap" name="@AfterMethod teardown" time="0.0">
    <skipped/>
  </testcase> <!-- @AfterMethod teardown -->
  <testcase classname="tests.AIRoleMap" name="@BeforeMethod setup" time="0.0">
    <skipped/>
  </testcase> <!-- @BeforeMethod setup -->
  <testcase classname="tests.AIRoleMap" name="@AfterMethod teardown" time="0.0">
    <skipped/>
  </testcase> <!-- @AfterMethod teardown -->
  <testcase classname="tests.AIRoleMap" name="@BeforeMethod setup" time="0.0">
    <skipped/>
  </testcase> <!-- @BeforeMethod setup -->
  <testcase classname="tests.AIRoleMap" name="@AfterMethod teardown" time="0.0">
    <skipped/>
  </testcase> <!-- @AfterMethod teardown -->
  <testcase classname="tests.AIRoleMap" name="@BeforeMethod setup" time="0.0">
    <skipped/>
  </testcase> <!-- @BeforeMethod setup -->
  <testcase classname="tests.AIRoleMap" name="@AfterMethod teardown" time="0.0">
    <skipped/>
  </testcase> <!-- @AfterMethod teardown -->
  <testcase classname="tests.AIRoleMap" name="@BeforeMethod setup" time="0.0">
    <skipped/>
  </testcase> <!-- @BeforeMethod setup -->
  <testcase classname="tests.AIRoleMap" name="@AfterMethod teardown" time="0.0">
    <skipped/>
  </testcase> <!-- @AfterMethod teardown -->
  <testcase classname="tests.AIRoleMap" name="@BeforeMethod setup" time="0.0">
    <skipped/>
  </testcase> <!-- @BeforeMethod setup -->
  <testcase classname="tests.AIRoleMap" name="@AfterMethod teardown" time="0.0">
    <skipped/>
  </testcase> <!-- @AfterMethod teardown -->
  <testcase classname="tests.AIRoleMap" name="@BeforeMethod setup" time="0.0">
    <skipped/>
  </testcase> <!-- @BeforeMethod setup -->
  <testcase classname="tests.AIRoleMap" name="@AfterMethod teardown" time="0.0">
    <skipped/>
  </testcase> <!-- @AfterMethod teardown -->
  <testcase classname="tests.AIRoleMap" name="@BeforeMethod setup" time="0.0">
    <skipped/>
  </testcase> <!-- @BeforeMethod setup -->
  <testcase classname="tests.AIRoleMap" name="@AfterMethod teardown" time="0.0">
    <skipped/>
  </testcase> <!-- @AfterMethod teardown -->
  <testcase classname="tests.AIRoleMap" name="@BeforeMethod setup" time="0.0">
    <skipped/>
  </testcase> <!-- @BeforeMethod setup -->
  <testcase classname="tests.AIRoleMap" name="@AfterMethod teardown" time="0.0">
    <skipped/>
  </testcase> <!-- @AfterMethod teardown -->
  <testcase classname="tests.AIRoleMap" name="@BeforeMethod setup" time="0.0">
    <skipped/>
  </testcase> <!-- @BeforeMethod setup -->
  <testcase classname="tests.AIRoleMap" name="@AfterMethod teardown" time="0.0">
    <skipped/>
  </testcase> <!-- @AfterMethod teardown -->
  <testcase classname="tests.DeliverableProgressTest" name="@BeforeMethod setup" time="13.457">
    <failure type="org.openqa.selenium.NoSuchElementException" message="no such element: Unable to locate element: {&amp;quot;method&amp;quot;:&amp;quot;xpath&amp;quot;,&amp;quot;selector&amp;quot;:&amp;quot;//a[normalize-space()=&amp;apos;AI Role Map&amp;apos;]&amp;quot;}
  (Session info: chrome=132.0.6834.197)
For documentation on this error, please visit: https://www.selenium.dev/documentation/webdriver/troubleshooting/errors#no-such-element-exception
Build info: version: &amp;apos;4.27.0&amp;apos;, revision: &amp;apos;d6e718d134&amp;apos;
System info: os.name: &amp;apos;Windows 11&amp;apos;, os.arch: &amp;apos;amd64&amp;apos;, os.version: &amp;apos;10.0&amp;apos;, java.version: &amp;apos;21.0.2&amp;apos;
Driver info: org.openqa.selenium.chrome.ChromeDriver
Command: [925a7034777fa4b17861970d93b0e851, findElement {value=//a[normalize-space()=&amp;apos;AI Role Map&amp;apos;], using=xpath}]
Capabilities {acceptInsecureCerts: false, browserName: chrome, browserVersion: 132.0.6834.197, chrome: {chromedriverVersion: 132.0.6834.159 (2d77d3fc445..., userDataDir: C:\Users\SHADAN~1\AppData\L...}, fedcm:accounts: true, goog:chromeOptions: {debuggerAddress: localhost:54157}, networkConnectionEnabled: false, pageLoadStrategy: normal, platformName: windows, proxy: Proxy(), se:cdp: ws://localhost:54157/devtoo..., se:cdpVersion: 132.0.6834.197, setWindowRect: true, strictFileInteractability: false, timeouts: {implicit: 0, pageLoad: 300000, script: 30000}, unhandledPromptBehavior: dismiss and notify, webauthn:extension:credBlob: true, webauthn:extension:largeBlob: true, webauthn:extension:minPinLength: true, webauthn:extension:prf: true, webauthn:virtualAuthenticators: true}
Session ID: 925a7034777fa4b17861970d93b0e851">
      <![CDATA[org.openqa.selenium.NoSuchElementException: no such element: Unable to locate element: {"method":"xpath","selector":"//a[normalize-space()='AI Role Map']"}
  (Session info: chrome=132.0.6834.197)
For documentation on this error, please visit: https://www.selenium.dev/documentation/webdriver/troubleshooting/errors#no-such-element-exception
Build info: version: '4.27.0', revision: 'd6e718d134'
System info: os.name: 'Windows 11', os.arch: 'amd64', os.version: '10.0', java.version: '21.0.2'
Driver info: org.openqa.selenium.chrome.ChromeDriver
Command: [925a7034777fa4b17861970d93b0e851, findElement {value=//a[normalize-space()='AI Role Map'], using=xpath}]
Capabilities {acceptInsecureCerts: false, browserName: chrome, browserVersion: 132.0.6834.197, chrome: {chromedriverVersion: 132.0.6834.159 (2d77d3fc445..., userDataDir: C:\Users\SHADAN~1\AppData\L...}, fedcm:accounts: true, goog:chromeOptions: {debuggerAddress: localhost:54157}, networkConnectionEnabled: false, pageLoadStrategy: normal, platformName: windows, proxy: Proxy(), se:cdp: ws://localhost:54157/devtoo..., se:cdpVersion: 132.0.6834.197, setWindowRect: true, strictFileInteractability: false, timeouts: {implicit: 0, pageLoad: 300000, script: 30000}, unhandledPromptBehavior: dismiss and notify, webauthn:extension:credBlob: true, webauthn:extension:largeBlob: true, webauthn:extension:minPinLength: true, webauthn:extension:prf: true, webauthn:virtualAuthenticators: true}
Session ID: 925a7034777fa4b17861970d93b0e851
at org.openqa.selenium.remote.ErrorCodec.decode(ErrorCodec.java:167)
at org.openqa.selenium.remote.codec.w3c.W3CHttpResponseCodec.decode(W3CHttpResponseCodec.java:138)
at org.openqa.selenium.remote.codec.w3c.W3CHttpResponseCodec.decode(W3CHttpResponseCodec.java:50)
at org.openqa.selenium.remote.HttpCommandExecutor.execute(HttpCommandExecutor.java:190)
at org.openqa.selenium.remote.service.DriverCommandExecutor.invokeExecute(DriverCommandExecutor.java:216)
at org.openqa.selenium.remote.service.DriverCommandExecutor.execute(DriverCommandExecutor.java:174)
at org.openqa.selenium.remote.RemoteWebDriver.execute(RemoteWebDriver.java:545)
at org.openqa.selenium.remote.ElementLocation$ElementFinder$2.findElement(ElementLocation.java:165)
at org.openqa.selenium.remote.ElementLocation.findElement(ElementLocation.java:59)
at org.openqa.selenium.remote.RemoteWebDriver.findElement(RemoteWebDriver.java:368)
at org.openqa.selenium.remote.RemoteWebDriver.findElement(RemoteWebDriver.java:362)
at org.openqa.selenium.support.pagefactory.DefaultElementLocator.findElement(DefaultElementLocator.java:68)
at org.openqa.selenium.support.pagefactory.internal.LocatingElementHandler.invoke(LocatingElementHandler.java:38)
at jdk.proxy2/jdk.proxy2.$Proxy12.click(Unknown Source)
at pages.DojoSideMenuPage.clickOnAIRoleMapSideMenuOption(DojoSideMenuPage.java:24)
at tests.DeliverableProgressTest.setup(DeliverableProgressTest.java:62)
at java.base/java.util.ArrayList.forEach(ArrayList.java:1596)
... Removed 32 stack frames]]>
    </failure>
  </testcase> <!-- @BeforeMethod setup -->
  <testcase classname="base.Base" name="@AfterMethod teardown" time="0.0">
    <skipped/>
  </testcase> <!-- @AfterMethod teardown -->
  <testcase classname="tests.DeliverableProgressTest" name="@BeforeMethod setup" time="0.0">
    <skipped/>
  </testcase> <!-- @BeforeMethod setup -->
  <testcase classname="base.Base" name="@AfterMethod teardown" time="0.0">
    <skipped/>
  </testcase> <!-- @AfterMethod teardown -->
  <testcase classname="tests.DeliverableProgressTest" name="@BeforeMethod setup" time="0.0">
    <skipped/>
  </testcase> <!-- @BeforeMethod setup -->
  <testcase classname="base.Base" name="@AfterMethod teardown" time="0.0">
    <skipped/>
  </testcase> <!-- @AfterMethod teardown -->
  <testcase classname="tests.DeliverableProgressTest" name="@BeforeMethod setup" time="0.0">
    <skipped/>
  </testcase> <!-- @BeforeMethod setup -->
  <testcase classname="base.Base" name="@AfterMethod teardown" time="0.0">
    <skipped/>
  </testcase> <!-- @AfterMethod teardown -->
  <testcase classname="tests.DeliverableProgressTest" name="@BeforeMethod setup" time="0.0">
    <skipped/>
  </testcase> <!-- @BeforeMethod setup -->
  <testcase classname="base.Base" name="@AfterMethod teardown" time="0.0">
    <skipped/>
  </testcase> <!-- @AfterMethod teardown -->
  <testcase classname="tests.DeliverableProgressTest" name="@BeforeMethod setup" time="0.0">
    <skipped/>
  </testcase> <!-- @BeforeMethod setup -->
  <testcase classname="base.Base" name="@AfterMethod teardown" time="0.0">
    <skipped/>
  </testcase> <!-- @AfterMethod teardown -->
  <testcase classname="tests.DeliverableProgressTest" name="@BeforeMethod setup" time="0.0">
    <skipped/>
  </testcase> <!-- @BeforeMethod setup -->
  <testcase classname="base.Base" name="@AfterMethod teardown" time="0.0">
    <skipped/>
  </testcase> <!-- @AfterMethod teardown -->
  <testcase classname="tests.DeliverableProgressTest" name="@BeforeMethod setup" time="0.0">
    <skipped/>
  </testcase> <!-- @BeforeMethod setup -->
  <testcase classname="base.Base" name="@AfterMethod teardown" time="0.0">
    <skipped/>
  </testcase> <!-- @AfterMethod teardown -->
  <testcase classname="tests.DeliverableProgressTest" name="@BeforeMethod setup" time="0.0">
    <skipped/>
  </testcase> <!-- @BeforeMethod setup -->
  <testcase classname="base.Base" name="@AfterMethod teardown" time="0.0">
    <skipped/>
  </testcase> <!-- @AfterMethod teardown -->
  <testcase classname="tests.DeliverableProgressTest" name="@BeforeMethod setup" time="0.0">
    <skipped/>
  </testcase> <!-- @BeforeMethod setup -->
  <testcase classname="base.Base" name="@AfterMethod teardown" time="0.0">
    <skipped/>
  </testcase> <!-- @AfterMethod teardown -->
  <testcase classname="tests.DeliverableProgressTest" name="@BeforeMethod setup" time="0.0">
    <skipped/>
  </testcase> <!-- @BeforeMethod setup -->
  <testcase classname="base.Base" name="@AfterMethod teardown" time="0.0">
    <skipped/>
  </testcase> <!-- @AfterMethod teardown -->
  <testcase classname="tests.DeliverableProgressTest" name="@BeforeMethod setup" time="0.0">
    <skipped/>
  </testcase> <!-- @BeforeMethod setup -->
  <testcase classname="base.Base" name="@AfterMethod teardown" time="0.0">
    <skipped/>
  </testcase> <!-- @AfterMethod teardown -->
  <testcase classname="tests.DeliverableProgressTest" name="@BeforeMethod setup" time="0.0">
    <skipped/>
  </testcase> <!-- @BeforeMethod setup -->
  <testcase classname="base.Base" name="@AfterMethod teardown" time="0.0">
    <skipped/>
  </testcase> <!-- @AfterMethod teardown -->
  <testcase classname="tests.DeliverableProgressTest" name="@BeforeMethod setup" time="0.0">
    <skipped/>
  </testcase> <!-- @BeforeMethod setup -->
  <testcase classname="base.Base" name="@AfterMethod teardown" time="0.0">
    <skipped/>
  </testcase> <!-- @AfterMethod teardown -->
  <testcase classname="tests.DeliverableProgressTest" name="@BeforeMethod setup" time="0.0">
    <skipped/>
  </testcase> <!-- @BeforeMethod setup -->
  <testcase classname="base.Base" name="@AfterMethod teardown" time="0.0">
    <skipped/>
  </testcase> <!-- @AfterMethod teardown -->
  <testcase classname="tests.DeliverableProgressTest" name="@BeforeMethod setup" time="0.0">
    <skipped/>
  </testcase> <!-- @BeforeMethod setup -->
  <testcase classname="base.Base" name="@AfterMethod teardown" time="0.0">
    <skipped/>
  </testcase> <!-- @AfterMethod teardown -->
  <testcase classname="tests.DeliverableProgressTest" name="@BeforeMethod setup" time="0.0">
    <skipped/>
  </testcase> <!-- @BeforeMethod setup -->
  <testcase classname="base.Base" name="@AfterMethod teardown" time="0.0">
    <skipped/>
  </testcase> <!-- @AfterMethod teardown -->
  <testcase classname="tests.DeliverableProgressTest" name="@BeforeMethod setup" time="0.0">
    <skipped/>
  </testcase> <!-- @BeforeMethod setup -->
  <testcase classname="base.Base" name="@AfterMethod teardown" time="0.0">
    <skipped/>
  </testcase> <!-- @AfterMethod teardown -->
  <testcase classname="tests.AIRoleMap" name="VerifyAllLinksWorkingProperlyOnAIRoleMapHeaderTest" time="28.722"/>
  <testcase classname="tests.AIRoleMap" name="createAIRoleMapForFirstTimeForAFreshAccounTest" time="0.0">
    <skipped/>
  </testcase> <!-- createAIRoleMapForFirstTimeForAFreshAccounTest -->
  <testcase classname="tests.AIRoleMap" name="verifyButtonsOnCreateRoleMapPopupModuleAreWorkingProperlyTest" time="0.0">
    <skipped/>
  </testcase> <!-- verifyButtonsOnCreateRoleMapPopupModuleAreWorkingProperlyTest -->
  <testcase classname="tests.AIRoleMap" name="verifyCreateAIRoleMapWithInValidRoleMapNameWithoutFileTest" time="0.0">
    <skipped/>
  </testcase> <!-- verifyCreateAIRoleMapWithInValidRoleMapNameWithoutFileTest -->
  <testcase classname="tests.AIRoleMap" name="verifyCreateAIRoleMapWithInValidRoleMapNameWithFileTest" time="0.0">
    <skipped/>
  </testcase> <!-- verifyCreateAIRoleMapWithInValidRoleMapNameWithFileTest -->
  <testcase classname="tests.AIRoleMap" name="verifyCreateAIRoleMapWithValidRoleMapNameWithoutFileTest" time="0.0">
    <skipped/>
  </testcase> <!-- verifyCreateAIRoleMapWithValidRoleMapNameWithoutFileTest -->
  <testcase classname="tests.AIRoleMap" name="verifyErrorMessageForMendetoryFieldInCreateRoleMapSection" time="0.002">
    <skipped/>
  </testcase> <!-- verifyErrorMessageForMendetoryFieldInCreateRoleMapSection -->
  <testcase classname="tests.AIRoleMap" name="verifyCreatingRolePlanWithFileWithoutDescriptionFieldTest" time="0.002">
    <skipped/>
  </testcase> <!-- verifyCreatingRolePlanWithFileWithoutDescriptionFieldTest -->
  <testcase classname="tests.AIRoleMap" name="verifyCreatingRolePlanWithFileWithDescriptionFieldTest" time="0.0">
    <skipped/>
  </testcase> <!-- verifyCreatingRolePlanWithFileWithDescriptionFieldTest -->
  <testcase classname="tests.AIRoleMap" name="verifyUserNameDisplayedOnTheAIRoleMapPageTest" time="0.0">
    <skipped/>
  </testcase> <!-- verifyUserNameDisplayedOnTheAIRoleMapPageTest -->
  <testcase classname="tests.AIRoleMap" name="verifyDropdownWorkingProperlyTest" time="0.0">
    <skipped/>
  </testcase> <!-- verifyDropdownWorkingProperlyTest -->
  <testcase classname="tests.AIRoleMap" name="verifyEditAndSaveFunctionality" time="0.0">
    <skipped/>
  </testcase> <!-- verifyEditAndSaveFunctionality -->
  <testcase classname="tests.AIRoleMap" name="verifyButtonsOnEditDeliverablePopupModuleAreWorkingProperlyTest" time="0.0">
    <skipped/>
  </testcase> <!-- verifyButtonsOnEditDeliverablePopupModuleAreWorkingProperlyTest -->
  <testcase classname="tests.AIRoleMap" name="verifyTextInPixelLevelBoxTest" time="0.0">
    <skipped/>
  </testcase> <!-- verifyTextInPixelLevelBoxTest -->
  <testcase classname="tests.AIRoleMap" name="verifyIButtonHoverWorkingProperlyTest" time="0.0">
    <skipped/>
  </testcase> <!-- verifyIButtonHoverWorkingProperlyTest -->
  <testcase classname="tests.AIRoleMap" name="verifyCompetencyAndDeliverableNameComingCorrectlyFromAdminTest" time="0.0">
    <skipped/>
  </testcase> <!-- verifyCompetencyAndDeliverableNameComingCorrectlyFromAdminTest -->
  <testcase classname="tests.AIRoleMap" name="verifyPlaceHolderOnCompetenciesEditPopupModuleTest" time="0.0">
    <skipped/>
  </testcase> <!-- verifyPlaceHolderOnCompetenciesEditPopupModuleTest -->
  <testcase classname="tests.AIRoleMap" name="verifErrorMessageAndStarMarkForMendetoryFieldForChangeCompetencyModuleTest" time="0.0">
    <skipped/>
  </testcase> <!-- verifErrorMessageAndStarMarkForMendetoryFieldForChangeCompetencyModuleTest -->
  <testcase classname="tests.AIRoleMap" name="verifyChangingCopetencyNameWithoutFileTest" time="0.0">
    <skipped/>
  </testcase> <!-- verifyChangingCopetencyNameWithoutFileTest -->
  <testcase classname="tests.AIRoleMap" name="verifyChangingCopetencyNameWithFileTest" time="0.0">
    <skipped/>
  </testcase> <!-- verifyChangingCopetencyNameWithFileTest -->
  <testcase classname="tests.AIRoleMap" name="verifyWrongCompitencyNameInChangeCompetencyTest" time="0.0">
    <skipped/>
  </testcase> <!-- verifyWrongCompitencyNameInChangeCompetencyTest -->
  <testcase classname="tests.AIRoleMap" name="VerifyClickEveryDeliverableTest" time="0.0">
    <skipped/>
  </testcase> <!-- VerifyClickEveryDeliverableTest -->
  <testcase classname="tests.DeliverableProgressTest" name="VerifyAllLinksWorkingProperlyOnAIRoleMapHeaderTest" time="17.883">
    <failure type="org.openqa.selenium.NoSuchElementException" message="no such element: Unable to locate element: {&amp;quot;method&amp;quot;:&amp;quot;xpath&amp;quot;,&amp;quot;selector&amp;quot;:&amp;quot;//div[@class=&amp;apos;col-12 col-lg-6&amp;apos;]//strong&amp;quot;}
  (Session info: chrome=132.0.6834.197)
For documentation on this error, please visit: https://www.selenium.dev/documentation/webdriver/troubleshooting/errors#no-such-element-exception
Build info: version: &amp;apos;4.27.0&amp;apos;, revision: &amp;apos;d6e718d134&amp;apos;
System info: os.name: &amp;apos;Windows 11&amp;apos;, os.arch: &amp;apos;amd64&amp;apos;, os.version: &amp;apos;10.0&amp;apos;, java.version: &amp;apos;21.0.2&amp;apos;
Driver info: org.openqa.selenium.chrome.ChromeDriver
Command: [63e7ea8ba1935274bdedb27db20affd4, findElement {value=//div[@class=&amp;apos;col-12 col-lg-6&amp;apos;]//strong, using=xpath}]
Capabilities {acceptInsecureCerts: false, browserName: chrome, browserVersion: 132.0.6834.197, chrome: {chromedriverVersion: 132.0.6834.159 (2d77d3fc445..., userDataDir: C:\Users\SHADAN~1\AppData\L...}, fedcm:accounts: true, goog:chromeOptions: {debuggerAddress: localhost:54086}, networkConnectionEnabled: false, pageLoadStrategy: normal, platformName: windows, proxy: Proxy(), se:cdp: ws://localhost:54086/devtoo..., se:cdpVersion: 132.0.6834.197, setWindowRect: true, strictFileInteractability: false, timeouts: {implicit: 0, pageLoad: 300000, script: 30000}, unhandledPromptBehavior: dismiss and notify, webauthn:extension:credBlob: true, webauthn:extension:largeBlob: true, webauthn:extension:minPinLength: true, webauthn:extension:prf: true, webauthn:virtualAuthenticators: true}
Session ID: 63e7ea8ba1935274bdedb27db20affd4">
      <![CDATA[org.openqa.selenium.NoSuchElementException: no such element: Unable to locate element: {"method":"xpath","selector":"//div[@class='col-12 col-lg-6']//strong"}
  (Session info: chrome=132.0.6834.197)
For documentation on this error, please visit: https://www.selenium.dev/documentation/webdriver/troubleshooting/errors#no-such-element-exception
Build info: version: '4.27.0', revision: 'd6e718d134'
System info: os.name: 'Windows 11', os.arch: 'amd64', os.version: '10.0', java.version: '21.0.2'
Driver info: org.openqa.selenium.chrome.ChromeDriver
Command: [63e7ea8ba1935274bdedb27db20affd4, findElement {value=//div[@class='col-12 col-lg-6']//strong, using=xpath}]
Capabilities {acceptInsecureCerts: false, browserName: chrome, browserVersion: 132.0.6834.197, chrome: {chromedriverVersion: 132.0.6834.159 (2d77d3fc445..., userDataDir: C:\Users\SHADAN~1\AppData\L...}, fedcm:accounts: true, goog:chromeOptions: {debuggerAddress: localhost:54086}, networkConnectionEnabled: false, pageLoadStrategy: normal, platformName: windows, proxy: Proxy(), se:cdp: ws://localhost:54086/devtoo..., se:cdpVersion: 132.0.6834.197, setWindowRect: true, strictFileInteractability: false, timeouts: {implicit: 0, pageLoad: 300000, script: 30000}, unhandledPromptBehavior: dismiss and notify, webauthn:extension:credBlob: true, webauthn:extension:largeBlob: true, webauthn:extension:minPinLength: true, webauthn:extension:prf: true, webauthn:virtualAuthenticators: true}
Session ID: 63e7ea8ba1935274bdedb27db20affd4
at org.openqa.selenium.remote.ErrorCodec.decode(ErrorCodec.java:167)
at org.openqa.selenium.remote.codec.w3c.W3CHttpResponseCodec.decode(W3CHttpResponseCodec.java:138)
at org.openqa.selenium.remote.codec.w3c.W3CHttpResponseCodec.decode(W3CHttpResponseCodec.java:50)
at org.openqa.selenium.remote.HttpCommandExecutor.execute(HttpCommandExecutor.java:190)
at org.openqa.selenium.remote.service.DriverCommandExecutor.invokeExecute(DriverCommandExecutor.java:216)
at org.openqa.selenium.remote.service.DriverCommandExecutor.execute(DriverCommandExecutor.java:174)
at org.openqa.selenium.remote.RemoteWebDriver.execute(RemoteWebDriver.java:545)
at org.openqa.selenium.remote.ElementLocation$ElementFinder$2.findElement(ElementLocation.java:165)
at org.openqa.selenium.remote.ElementLocation.findElement(ElementLocation.java:59)
at org.openqa.selenium.remote.RemoteWebDriver.findElement(RemoteWebDriver.java:368)
at org.openqa.selenium.remote.RemoteWebDriver.findElement(RemoteWebDriver.java:362)
at org.openqa.selenium.support.pagefactory.DefaultElementLocator.findElement(DefaultElementLocator.java:68)
at org.openqa.selenium.support.pagefactory.internal.LocatingElementHandler.invoke(LocatingElementHandler.java:38)
at jdk.proxy2/jdk.proxy2.$Proxy12.isDisplayed(Unknown Source)
at pages.DeliverableProgressPage.isHeadingDisplayed(DeliverableProgressPage.java:170)
at tests.DeliverableProgressTest.VerifyAllLinksWorkingProperlyOnAIRoleMapHeaderTest(DeliverableProgressTest.java:82)
at java.base/java.util.ArrayList.forEach(ArrayList.java:1596)
... Removed 28 stack frames]]>
    </failure>
  </testcase> <!-- VerifyAllLinksWorkingProperlyOnAIRoleMapHeaderTest -->
  <testcase classname="tests.DeliverableProgressTest" name="verifyRoleMapNameShowingCorrectTest" time="0.0">
    <skipped/>
  </testcase> <!-- verifyRoleMapNameShowingCorrectTest -->
  <testcase classname="tests.DeliverableProgressTest" name="verifyCompetenciesDropdownFunctionalityTest" time="0.0">
    <skipped/>
  </testcase> <!-- verifyCompetenciesDropdownFunctionalityTest -->
  <testcase classname="tests.DeliverableProgressTest" name="verifyFirstStepToEarnYourPixelWithValidCheatCodeTest" time="0.0">
    <skipped/>
  </testcase> <!-- verifyFirstStepToEarnYourPixelWithValidCheatCodeTest -->
  <testcase classname="tests.DeliverableProgressTest" name="verifyFirstStepToEarnYourPixelWithInvalidCheatCodeTest" time="0.002">
    <skipped/>
  </testcase> <!-- verifyFirstStepToEarnYourPixelWithInvalidCheatCodeTest -->
  <testcase classname="tests.DeliverableProgressTest" name="verifyErrorMessageForMendetoryFieldInPixelManualTest" time="0.0">
    <skipped/>
  </testcase> <!-- verifyErrorMessageForMendetoryFieldInPixelManualTest -->
  <testcase classname="tests.DeliverableProgressTest" name="verifyButtonsWorkingProperlyForPixelManualPopupTest" time="0.0">
    <skipped/>
  </testcase> <!-- verifyButtonsWorkingProperlyForPixelManualPopupTest -->
  <testcase classname="tests.DeliverableProgressTest" name="verifySecondStepDigitalProgrssWithAllFieldAndYesAIInnovationTest" time="0.0">
    <skipped/>
  </testcase> <!-- verifySecondStepDigitalProgrssWithAllFieldAndYesAIInnovationTest -->
  <testcase classname="tests.DeliverableProgressTest" name="errorMessageForMendteoyFieldInDigitalWithYesAIInnovationTest" time="0.0">
    <skipped/>
  </testcase> <!-- errorMessageForMendteoyFieldInDigitalWithYesAIInnovationTest -->
  <testcase classname="tests.DeliverableProgressTest" name="errorMessageForMendteoyFieldInDigitalWithNoAIInnovationTest" time="0.0">
    <skipped/>
  </testcase> <!-- errorMessageForMendteoyFieldInDigitalWithNoAIInnovationTest -->
  <testcase classname="tests.DeliverableProgressTest" name="verifySecondStepDigitalProgrssWithAllFieldAndNoAIInnovationTest" time="0.0">
    <skipped/>
  </testcase> <!-- verifySecondStepDigitalProgrssWithAllFieldAndNoAIInnovationTest -->
  <testcase classname="tests.DeliverableProgressTest" name="verifySecondStepDigitalProgrssMoreTimeToCompleteTestThenBeforeTest" time="0.0">
    <skipped/>
  </testcase> <!-- verifySecondStepDigitalProgrssMoreTimeToCompleteTestThenBeforeTest -->
  <testcase classname="tests.DeliverableProgressTest" name="verifySecondStepDigitalProgrssWithOnlyMendetoryFieldTest" time="0.0">
    <skipped/>
  </testcase> <!-- verifySecondStepDigitalProgrssWithOnlyMendetoryFieldTest -->
  <testcase classname="tests.DeliverableProgressTest" name="verifyAllButtonsWorkingInDigitalSectionTest" time="0.0">
    <skipped/>
  </testcase> <!-- verifyAllButtonsWorkingInDigitalSectionTest -->
  <testcase classname="tests.DeliverableProgressTest" name="verifySubmittingPixelLessionWithAllFieldTest" time="0.0">
    <skipped/>
  </testcase> <!-- verifySubmittingPixelLessionWithAllFieldTest -->
  <testcase classname="tests.DeliverableProgressTest" name="verifyErrorMessageForPixelLessionOfAllFieldTest" time="0.0">
    <skipped/>
  </testcase> <!-- verifyErrorMessageForPixelLessionOfAllFieldTest -->
  <testcase classname="tests.DeliverableProgressTest" name="verifyErrorMessageForPixelLessionOfAllWithYesNextPixelLessionFieldTest" time="0.0">
    <skipped/>
  </testcase> <!-- verifyErrorMessageForPixelLessionOfAllWithYesNextPixelLessionFieldTest -->
  <testcase classname="tests.DeliverableProgressTest" name="verifySubmittingPixelLessionWithMendetoryFieldTest" time="0.0">
    <skipped/>
  </testcase> <!-- verifySubmittingPixelLessionWithMendetoryFieldTest -->
  <testcase classname="tests.DeliverableProgressTest" name="verifyAllLinkButtonsAndAdminSideDataShowingAndWorkingProperlyTest" time="0.0">
    <skipped/>
  </testcase> <!-- verifyAllLinkButtonsAndAdminSideDataShowingAndWorkingProperlyTest -->
  <testcase classname="tests.DeliverableProgressTest" name="verifyFirstStepToEarnYourPixelWithVideoWatchTest" time="0.0">
    <ignored/>
  </testcase> <!-- verifyFirstStepToEarnYourPixelWithVideoWatchTest -->
</testsuite> <!-- Test -->
