<?xml version="1.0" encoding="UTF-8"?>
<!-- Generated by org.testng.reporters.JUnitReportReporter -->
<testsuite hostname="INBook_X1" failures="0" tests="23" name="tests.AIRoleMap" time="66.620" errors="1" timestamp="2025-02-19T16:31:19 IST" skipped="21">
  <testcase classname="tests.AIRoleMap" name="setup" time="37.894">
    <error message="no such element: Unable to locate element: {&quot;method&quot;:&quot;xpath&quot;,&quot;selector&quot;:&quot;//a[normalize-space()=&#039;AI Role Map&#039;]&quot;}
  (Session info: chrome=132.0.6834.197)
For documentation on this error, please visit: https://www.selenium.dev/documentation/webdriver/troubleshooting/errors#no-such-element-exception
Build info: version: &#039;4.27.0&#039;, revision: &#039;d6e718d134&#039;
System info: os.name: &#039;Windows 11&#039;, os.arch: &#039;amd64&#039;, os.version: &#039;10.0&#039;, java.version: &#039;21.0.2&#039;
Driver info: org.openqa.selenium.chrome.ChromeDriver
Command: [dbcbdca9446bfdd67f83229b44a915de, findElement {value=//a[normalize-space()=&#039;AI Role Map&#039;], using=xpath}]
Capabilities {acceptInsecureCerts: false, browserName: chrome, browserVersion: 132.0.6834.197, chrome: {chromedriverVersion: 132.0.6834.159 (2d77d3fc445..., userDataDir: C:\Users\SHADAN~1\AppData\L...}, fedcm:accounts: true, goog:chromeOptions: {debuggerAddress: localhost:54045}, networkConnectionEnabled: false, pageLoadStrategy: normal, platformName: windows, proxy: Proxy(), se:cdp: ws://localhost:54045/devtoo..., se:cdpVersion: 132.0.6834.197, setWindowRect: true, strictFileInteractability: false, timeouts: {implicit: 0, pageLoad: 300000, script: 30000}, unhandledPromptBehavior: dismiss and notify, webauthn:extension:credBlob: true, webauthn:extension:largeBlob: true, webauthn:extension:minPinLength: true, webauthn:extension:prf: true, webauthn:virtualAuthenticators: true}
Session ID: dbcbdca9446bfdd67f83229b44a915de" type="org.openqa.selenium.NoSuchElementException">
      <![CDATA[org.openqa.selenium.NoSuchElementException: no such element: Unable to locate element: {"method":"xpath","selector":"//a[normalize-space()='AI Role Map']"}
  (Session info: chrome=132.0.6834.197)
For documentation on this error, please visit: https://www.selenium.dev/documentation/webdriver/troubleshooting/errors#no-such-element-exception
Build info: version: '4.27.0', revision: 'd6e718d134'
System info: os.name: 'Windows 11', os.arch: 'amd64', os.version: '10.0', java.version: '21.0.2'
Driver info: org.openqa.selenium.chrome.ChromeDriver
Command: [dbcbdca9446bfdd67f83229b44a915de, findElement {value=//a[normalize-space()='AI Role Map'], using=xpath}]
Capabilities {acceptInsecureCerts: false, browserName: chrome, browserVersion: 132.0.6834.197, chrome: {chromedriverVersion: 132.0.6834.159 (2d77d3fc445..., userDataDir: C:\Users\SHADAN~1\AppData\L...}, fedcm:accounts: true, goog:chromeOptions: {debuggerAddress: localhost:54045}, networkConnectionEnabled: false, pageLoadStrategy: normal, platformName: windows, proxy: Proxy(), se:cdp: ws://localhost:54045/devtoo..., se:cdpVersion: 132.0.6834.197, setWindowRect: true, strictFileInteractability: false, timeouts: {implicit: 0, pageLoad: 300000, script: 30000}, unhandledPromptBehavior: dismiss and notify, webauthn:extension:credBlob: true, webauthn:extension:largeBlob: true, webauthn:extension:minPinLength: true, webauthn:extension:prf: true, webauthn:virtualAuthenticators: true}
Session ID: dbcbdca9446bfdd67f83229b44a915de
at java.base/jdk.internal.reflect.DirectConstructorHandleAccessor.newInstance(DirectConstructorHandleAccessor.java:62)
at java.base/java.lang.reflect.Constructor.newInstanceWithCaller(Constructor.java:502)
at java.base/java.lang.reflect.Constructor.newInstance(Constructor.java:486)
at org.openqa.selenium.remote.ErrorCodec.decode(ErrorCodec.java:167)
at org.openqa.selenium.remote.codec.w3c.W3CHttpResponseCodec.decode(W3CHttpResponseCodec.java:138)
at org.openqa.selenium.remote.codec.w3c.W3CHttpResponseCodec.decode(W3CHttpResponseCodec.java:50)
at org.openqa.selenium.remote.HttpCommandExecutor.execute(HttpCommandExecutor.java:190)
at org.openqa.selenium.remote.service.DriverCommandExecutor.invokeExecute(DriverCommandExecutor.java:216)
at org.openqa.selenium.remote.service.DriverCommandExecutor.execute(DriverCommandExecutor.java:174)
at org.openqa.selenium.remote.RemoteWebDriver.execute(RemoteWebDriver.java:545)
at org.openqa.selenium.remote.ElementLocation$ElementFinder$2.findElement(ElementLocation.java:165)
at org.openqa.selenium.remote.ElementLocation.findElement(ElementLocation.java:59)
at org.openqa.selenium.remote.RemoteWebDriver.findElement(RemoteWebDriver.java:368)
at org.openqa.selenium.remote.RemoteWebDriver.findElement(RemoteWebDriver.java:362)
at org.openqa.selenium.support.pagefactory.DefaultElementLocator.findElement(DefaultElementLocator.java:68)
at org.openqa.selenium.support.pagefactory.internal.LocatingElementHandler.invoke(LocatingElementHandler.java:38)
at jdk.proxy2/jdk.proxy2.$Proxy12.click(Unknown Source)
at pages.DojoSideMenuPage.clickOnAIRoleMapSideMenuOption(DojoSideMenuPage.java:24)
at tests.AIRoleMap.setup(AIRoleMap.java:64)
at java.base/jdk.internal.reflect.DirectMethodHandleAccessor.invoke(DirectMethodHandleAccessor.java:103)
at java.base/java.lang.reflect.Method.invoke(Method.java:580)
at org.testng.internal.invokers.MethodInvocationHelper.invokeMethod(MethodInvocationHelper.java:141)
at org.testng.internal.invokers.MethodInvocationHelper.invokeMethodConsideringTimeout(MethodInvocationHelper.java:71)
at org.testng.internal.invokers.ConfigInvoker.invokeConfigurationMethod(ConfigInvoker.java:400)
at org.testng.internal.invokers.ConfigInvoker.invokeConfigurations(ConfigInvoker.java:333)
at org.testng.internal.invokers.TestInvoker.runConfigMethods(TestInvoker.java:833)
at org.testng.internal.invokers.TestInvoker.invokeMethod(TestInvoker.java:600)
at org.testng.internal.invokers.TestInvoker.invokeTestMethod(TestInvoker.java:230)
at org.testng.internal.invokers.MethodRunner.runInSequence(MethodRunner.java:63)
at org.testng.internal.invokers.TestInvoker$MethodInvocationAgent.invoke(TestInvoker.java:992)
at org.testng.internal.invokers.TestInvoker.invokeTestMethods(TestInvoker.java:203)
at org.testng.internal.invokers.TestMethodWorker.invokeTestMethods(TestMethodWorker.java:154)
at org.testng.internal.invokers.TestMethodWorker.run(TestMethodWorker.java:134)
at java.base/java.util.ArrayList.forEach(ArrayList.java:1596)
at org.testng.TestRunner.privateRun(TestRunner.java:739)
at org.testng.TestRunner.run(TestRunner.java:614)
at org.testng.SuiteRunner.runTest(SuiteRunner.java:421)
at org.testng.SuiteRunner.runSequentially(SuiteRunner.java:413)
at org.testng.SuiteRunner.privateRun(SuiteRunner.java:373)
at org.testng.SuiteRunner.run(SuiteRunner.java:312)
at org.testng.SuiteRunnerWorker.runSuite(SuiteRunnerWorker.java:52)
at org.testng.SuiteRunnerWorker.run(SuiteRunnerWorker.java:95)
at org.testng.TestNG.runSuitesSequentially(TestNG.java:1274)
at org.testng.TestNG.runSuitesLocally(TestNG.java:1208)
at org.testng.TestNG.runSuites(TestNG.java:1112)
at org.testng.TestNG.run(TestNG.java:1079)
at org.testng.remote.AbstractRemoteTestNG.run(AbstractRemoteTestNG.java:115)
at org.testng.remote.RemoteTestNG.initAndRun(RemoteTestNG.java:293)
at org.testng.remote.RemoteTestNG.main(RemoteTestNG.java:91)
]]>
    </error>
  </testcase> <!-- setup -->
  <testcase classname="tests.AIRoleMap" name="VerifyAllLinksWorkingProperlyOnAIRoleMapHeaderTest" time="28.722"/>
  <testcase classname="tests.AIRoleMap" name="createAIRoleMapForFirstTimeForAFreshAccounTest" time="0.000">
    <skipped/>
  </testcase> <!-- createAIRoleMapForFirstTimeForAFreshAccounTest -->
  <testcase classname="tests.AIRoleMap" name="verifyButtonsOnCreateRoleMapPopupModuleAreWorkingProperlyTest" time="0.000">
    <skipped/>
  </testcase> <!-- verifyButtonsOnCreateRoleMapPopupModuleAreWorkingProperlyTest -->
  <testcase classname="tests.AIRoleMap" name="verifyCreateAIRoleMapWithInValidRoleMapNameWithoutFileTest" time="0.000">
    <skipped/>
  </testcase> <!-- verifyCreateAIRoleMapWithInValidRoleMapNameWithoutFileTest -->
  <testcase classname="tests.AIRoleMap" name="verifyCreateAIRoleMapWithInValidRoleMapNameWithFileTest" time="0.000">
    <skipped/>
  </testcase> <!-- verifyCreateAIRoleMapWithInValidRoleMapNameWithFileTest -->
  <testcase classname="tests.AIRoleMap" name="verifyCreateAIRoleMapWithValidRoleMapNameWithoutFileTest" time="0.000">
    <skipped/>
  </testcase> <!-- verifyCreateAIRoleMapWithValidRoleMapNameWithoutFileTest -->
  <testcase classname="tests.AIRoleMap" name="verifyErrorMessageForMendetoryFieldInCreateRoleMapSection" time="0.002">
    <skipped/>
  </testcase> <!-- verifyErrorMessageForMendetoryFieldInCreateRoleMapSection -->
  <testcase classname="tests.AIRoleMap" name="verifyCreatingRolePlanWithFileWithoutDescriptionFieldTest" time="0.002">
    <skipped/>
  </testcase> <!-- verifyCreatingRolePlanWithFileWithoutDescriptionFieldTest -->
  <testcase classname="tests.AIRoleMap" name="verifyCreatingRolePlanWithFileWithDescriptionFieldTest" time="0.000">
    <skipped/>
  </testcase> <!-- verifyCreatingRolePlanWithFileWithDescriptionFieldTest -->
  <testcase classname="tests.AIRoleMap" name="verifyUserNameDisplayedOnTheAIRoleMapPageTest" time="0.000">
    <skipped/>
  </testcase> <!-- verifyUserNameDisplayedOnTheAIRoleMapPageTest -->
  <testcase classname="tests.AIRoleMap" name="verifyDropdownWorkingProperlyTest" time="0.000">
    <skipped/>
  </testcase> <!-- verifyDropdownWorkingProperlyTest -->
  <testcase classname="tests.AIRoleMap" name="verifyEditAndSaveFunctionality" time="0.000">
    <skipped/>
  </testcase> <!-- verifyEditAndSaveFunctionality -->
  <testcase classname="tests.AIRoleMap" name="verifyButtonsOnEditDeliverablePopupModuleAreWorkingProperlyTest" time="0.000">
    <skipped/>
  </testcase> <!-- verifyButtonsOnEditDeliverablePopupModuleAreWorkingProperlyTest -->
  <testcase classname="tests.AIRoleMap" name="verifyTextInPixelLevelBoxTest" time="0.000">
    <skipped/>
  </testcase> <!-- verifyTextInPixelLevelBoxTest -->
  <testcase classname="tests.AIRoleMap" name="verifyIButtonHoverWorkingProperlyTest" time="0.000">
    <skipped/>
  </testcase> <!-- verifyIButtonHoverWorkingProperlyTest -->
  <testcase classname="tests.AIRoleMap" name="verifyCompetencyAndDeliverableNameComingCorrectlyFromAdminTest" time="0.000">
    <skipped/>
  </testcase> <!-- verifyCompetencyAndDeliverableNameComingCorrectlyFromAdminTest -->
  <testcase classname="tests.AIRoleMap" name="verifyPlaceHolderOnCompetenciesEditPopupModuleTest" time="0.000">
    <skipped/>
  </testcase> <!-- verifyPlaceHolderOnCompetenciesEditPopupModuleTest -->
  <testcase classname="tests.AIRoleMap" name="verifErrorMessageAndStarMarkForMendetoryFieldForChangeCompetencyModuleTest" time="0.000">
    <skipped/>
  </testcase> <!-- verifErrorMessageAndStarMarkForMendetoryFieldForChangeCompetencyModuleTest -->
  <testcase classname="tests.AIRoleMap" name="verifyChangingCopetencyNameWithoutFileTest" time="0.000">
    <skipped/>
  </testcase> <!-- verifyChangingCopetencyNameWithoutFileTest -->
  <testcase classname="tests.AIRoleMap" name="verifyChangingCopetencyNameWithFileTest" time="0.000">
    <skipped/>
  </testcase> <!-- verifyChangingCopetencyNameWithFileTest -->
  <testcase classname="tests.AIRoleMap" name="verifyWrongCompitencyNameInChangeCompetencyTest" time="0.000">
    <skipped/>
  </testcase> <!-- verifyWrongCompitencyNameInChangeCompetencyTest -->
  <testcase classname="tests.AIRoleMap" name="VerifyClickEveryDeliverableTest" time="0.000">
    <skipped/>
  </testcase> <!-- VerifyClickEveryDeliverableTest -->
</testsuite> <!-- tests.AIRoleMap -->
